<?xml version="1.0" encoding="UTF-8"?>
<testng-results ignored="0" total="1" passed="1" failed="0" skipped="0">
  <reporter-output>
  </reporter-output>
  <suite started-at="2025-01-31T18:52:48 IST" name="Default suite" finished-at="2025-01-31T18:52:49 IST" duration-ms="1645">
    <groups>
    </groups>
    <test started-at="2025-01-31T18:52:48 IST" name="Default test" finished-at="2025-01-31T18:52:49 IST" duration-ms="1645">
      <class name="pDfExtractor.NrExtractor">
        <test-method signature="pdf()[pri:0, instance:pDfExtractor.NrExtractor@2ca26d77]" started-at="2025-01-31T18:52:48 IST" name="pdf" finished-at="2025-01-31T18:52:49 IST" duration-ms="1445" status="PASS">
          <reporter-output>
          </reporter-output>
        </test-method> <!-- pdf -->
        <test-method is-config="true" signature="excel()[pri:0, instance:pDfExtractor.NrExtractor@2ca26d77]" started-at="2025-01-31T18:52:49 IST" name="excel" finished-at="2025-01-31T18:52:49 IST" duration-ms="157" status="PASS">
          <reporter-output>
          </reporter-output>
        </test-method> <!-- excel -->
      </class> <!-- pDfExtractor.NrExtractor -->
    </test> <!-- Default test -->
  </suite> <!-- Default suite -->
</testng-results>
