<?xml version="1.0" encoding="UTF-8"?>
<testng-results ignored="0" total="0" passed="0" failed="0" skipped="0">
  <reporter-output>
  </reporter-output>
  <suite started-at="2025-01-23T19:13:36 IST" name="Default suite" finished-at="2025-01-23T19:13:37 IST" duration-ms="1827">
    <groups>
    </groups>
    <test started-at="2025-01-23T19:13:36 IST" name="Default test" finished-at="2025-01-23T19:13:37 IST" duration-ms="1827">
      <class name="pDfExtractor.NrExtractor">
        <test-method is-config="true" signature="pdf()[pri:0, instance:pDfExtractor.NrExtractor@2eea88a1]" started-at="2025-01-23T19:13:36 IST" name="pdf" finished-at="2025-01-23T19:13:37 IST" duration-ms="1649" status="PASS">
          <reporter-output>
          </reporter-output>
        </test-method> <!-- pdf -->
        <test-method is-config="true" signature="excel()[pri:0, instance:pDfExtractor.NrExtractor@2eea88a1]" started-at="2025-01-23T19:13:37 IST" name="excel" finished-at="2025-01-23T19:13:37 IST" duration-ms="158" status="PASS">
          <reporter-output>
          </reporter-output>
        </test-method> <!-- excel -->
      </class> <!-- pDfExtractor.NrExtractor -->
    </test> <!-- Default test -->
  </suite> <!-- Default suite -->
</testng-results>
